[2023-10-21 21:39:37,144: INFO: main: Welcome to our custom log]
[2023-10-21 22:39:32,503: INFO: common: yaml file: config\config.yaml loaded successfully]
[2023-10-21 22:39:32,519: INFO: common: yaml file: params.yaml loaded successfully]
[2023-10-21 22:39:32,521: INFO: common: created directory at: artifacts]
[2023-10-21 22:39:32,521: INFO: common: created directory at: artifacts/data_ingestion]
[2023-10-21 22:39:32,528: INFO: 1579108944: Downloading data from https://drive.google.com/file/d/1HlH7EzzdKs3xAo7-dwieKXo1_hZscMnp/view?usp=sharing into file artifacts/data_ingestion/data.zip]
[2023-10-21 22:39:41,039: INFO: 1579108944: Downloaded data from https://drive.google.com/file/d/1HlH7EzzdKs3xAo7-dwieKXo1_hZscMnp/view?usp=sharing into file artifacts/data_ingestion/data.zip]
[2023-10-21 22:52:10,998: INFO: main: >>>>>> stage Data Ingestion stage started <<<<<<]
[2023-10-21 22:52:11,001: INFO: common: yaml file: config\config.yaml loaded successfully]
[2023-10-21 22:52:11,001: INFO: common: yaml file: params.yaml loaded successfully]
[2023-10-21 22:52:11,001: INFO: common: created directory at: artifacts]
[2023-10-21 22:52:11,001: INFO: common: created directory at: artifacts/data_ingestion]
[2023-10-21 22:52:11,008: INFO: data_ingestion: Downloading data from https://drive.google.com/file/d/1HlH7EzzdKs3xAo7-dwieKXo1_hZscMnp/view?usp=sharing into file artifacts/data_ingestion/data.zip]
[2023-10-21 22:52:20,337: INFO: data_ingestion: Downloaded data from https://drive.google.com/file/d/1HlH7EzzdKs3xAo7-dwieKXo1_hZscMnp/view?usp=sharing into file artifacts/data_ingestion/data.zip]
[2023-10-21 22:52:21,461: INFO: main: >>>>>> stage Data Ingestion stage completed <<<<<<

x==========x]
[2023-10-21 23:34:07,997: INFO: common: yaml file: config\config.yaml loaded successfully]
[2023-10-21 23:34:08,021: INFO: common: yaml file: params.yaml loaded successfully]
[2023-10-21 23:34:08,021: INFO: common: created directory at: artifacts]
[2023-10-21 23:34:08,021: INFO: common: created directory at: artifacts/prepare_base_model]
[2023-10-21 23:34:17,012: WARNING: saving_utils: Compiled the loaded model, but the compiled metrics have yet to be built. `model.compile_metrics` will be empty until you train or evaluate the model.]
[2023-10-21 23:46:17,877: INFO: main: >>>>>> stage Data Ingestion stage started <<<<<<]
[2023-10-21 23:46:17,885: INFO: common: yaml file: config\config.yaml loaded successfully]
[2023-10-21 23:46:17,886: INFO: common: yaml file: params.yaml loaded successfully]
[2023-10-21 23:46:17,886: INFO: common: created directory at: artifacts]
[2023-10-21 23:46:17,886: INFO: common: created directory at: artifacts/data_ingestion]
[2023-10-21 23:46:17,886: INFO: data_ingestion: Downloading data from https://drive.google.com/file/d/1HlH7EzzdKs3xAo7-dwieKXo1_hZscMnp/view?usp=sharing into file artifacts/data_ingestion/data.zip]
[2023-10-21 23:46:25,985: INFO: data_ingestion: Downloaded data from https://drive.google.com/file/d/1HlH7EzzdKs3xAo7-dwieKXo1_hZscMnp/view?usp=sharing into file artifacts/data_ingestion/data.zip]
[2023-10-21 23:46:26,956: INFO: main: >>>>>> stage Data Ingestion stage completed <<<<<<

x==========x]
[2023-10-21 23:46:26,956: INFO: main: *******************]
[2023-10-21 23:46:26,963: INFO: main: >>>>>> stage Prepare base model started <<<<<<]
[2023-10-21 23:46:26,963: INFO: common: yaml file: config\config.yaml loaded successfully]
[2023-10-21 23:46:26,966: INFO: common: yaml file: params.yaml loaded successfully]
[2023-10-21 23:46:26,966: INFO: common: created directory at: artifacts]
[2023-10-21 23:46:26,966: INFO: common: created directory at: artifacts/prepare_base_model]
[2023-10-21 23:46:27,557: WARNING: saving_utils: Compiled the loaded model, but the compiled metrics have yet to be built. `model.compile_metrics` will be empty until you train or evaluate the model.]
[2023-10-21 23:46:27,890: INFO: main: >>>>>> stage Prepare base model completed <<<<<<

x==========x]
[2023-10-21 23:55:18,151: INFO: common: yaml file: config\config.yaml loaded successfully]
[2023-10-21 23:55:18,161: INFO: common: yaml file: params.yaml loaded successfully]
[2023-10-21 23:55:18,162: INFO: common: created directory at: artifacts]
[2023-10-21 23:55:18,165: INFO: common: created directory at: artifacts\training]
[2023-10-22 00:05:49,172: INFO: main: >>>>>> stage Data Ingestion stage started <<<<<<]
[2023-10-22 00:05:49,176: INFO: common: yaml file: config\config.yaml loaded successfully]
[2023-10-22 00:05:49,180: INFO: common: yaml file: params.yaml loaded successfully]
[2023-10-22 00:05:49,180: INFO: common: created directory at: artifacts]
[2023-10-22 00:05:49,184: INFO: common: created directory at: artifacts/data_ingestion]
[2023-10-22 00:05:49,184: INFO: data_ingestion: Downloading data from https://drive.google.com/file/d/1HlH7EzzdKs3xAo7-dwieKXo1_hZscMnp/view?usp=sharing into file artifacts/data_ingestion/data.zip]
[2023-10-22 00:05:57,555: INFO: data_ingestion: Downloaded data from https://drive.google.com/file/d/1HlH7EzzdKs3xAo7-dwieKXo1_hZscMnp/view?usp=sharing into file artifacts/data_ingestion/data.zip]
[2023-10-22 00:05:58,519: INFO: main: >>>>>> stage Data Ingestion stage completed <<<<<<

x==========x]
[2023-10-22 00:05:58,519: INFO: main: *******************]
[2023-10-22 00:05:58,520: INFO: main: >>>>>> stage Prepare base model started <<<<<<]
[2023-10-22 00:05:58,520: INFO: common: yaml file: config\config.yaml loaded successfully]
[2023-10-22 00:05:58,520: INFO: common: yaml file: params.yaml loaded successfully]
[2023-10-22 00:05:58,520: INFO: common: created directory at: artifacts]
[2023-10-22 00:05:58,527: INFO: common: created directory at: artifacts/prepare_base_model]
[2023-10-22 00:05:59,101: WARNING: saving_utils: Compiled the loaded model, but the compiled metrics have yet to be built. `model.compile_metrics` will be empty until you train or evaluate the model.]
[2023-10-22 00:05:59,421: INFO: main: >>>>>> stage Prepare base model completed <<<<<<

x==========x]
[2023-10-22 00:05:59,421: INFO: main: *******************]
[2023-10-22 00:05:59,429: INFO: main: >>>>>> stage Training started <<<<<<]
[2023-10-22 00:05:59,431: INFO: common: yaml file: config\config.yaml loaded successfully]
[2023-10-22 00:05:59,431: INFO: common: yaml file: params.yaml loaded successfully]
[2023-10-22 00:05:59,431: INFO: common: created directory at: artifacts]
[2023-10-22 00:05:59,431: INFO: common: created directory at: artifacts\training]
[2023-10-22 00:06:33,873: INFO: main: >>>>>> stage Training completed <<<<<<

x==========x]
[2023-10-22 11:16:17,319: INFO: common: yaml file: config\config.yaml loaded successfully]
[2023-10-22 11:16:17,334: INFO: common: yaml file: params.yaml loaded successfully]
[2023-10-22 11:16:17,334: INFO: common: created directory at: artifacts]
[2023-10-22 11:16:30,049: INFO: common: json file saved at: scores.json]
[2023-10-22 11:16:38,109: WARNING: save: Found untraced functions such as _jit_compiled_convolution_op, _jit_compiled_convolution_op, _jit_compiled_convolution_op, _jit_compiled_convolution_op, _jit_compiled_convolution_op while saving (showing 5 of 14). These functions will not be directly callable after loading.]
[2023-10-22 11:16:39,006: INFO: builder_impl: Assets written to: C:\Users\Hitzus\AppData\Local\Temp\tmpry7r1q4_\model\data\model\assets]
[2023-10-22 11:22:43,807: INFO: common: yaml file: config\config.yaml loaded successfully]
[2023-10-22 11:22:43,821: INFO: common: yaml file: params.yaml loaded successfully]
[2023-10-22 11:22:43,821: INFO: common: created directory at: artifacts]
[2023-10-22 11:22:55,477: INFO: common: json file saved at: scores.json]
[2023-10-22 11:23:00,769: WARNING: save: Found untraced functions such as _jit_compiled_convolution_op, _jit_compiled_convolution_op, _jit_compiled_convolution_op, _jit_compiled_convolution_op, _jit_compiled_convolution_op while saving (showing 5 of 14). These functions will not be directly callable after loading.]
[2023-10-22 11:23:01,678: INFO: builder_impl: Assets written to: C:\Users\Hitzus\AppData\Local\Temp\tmp9g8la5z3\model\data\model\assets]
[2023-10-22 11:25:28,968: INFO: common: yaml file: config\config.yaml loaded successfully]
[2023-10-22 11:25:28,976: INFO: common: yaml file: params.yaml loaded successfully]
[2023-10-22 11:25:28,976: INFO: common: created directory at: artifacts]
[2023-10-22 11:25:40,695: INFO: common: json file saved at: scores.json]
[2023-10-22 11:25:55,094: WARNING: save: Found untraced functions such as _jit_compiled_convolution_op, _jit_compiled_convolution_op, _jit_compiled_convolution_op, _jit_compiled_convolution_op, _jit_compiled_convolution_op while saving (showing 5 of 14). These functions will not be directly callable after loading.]
[2023-10-22 11:25:55,979: INFO: builder_impl: Assets written to: C:\Users\Hitzus\AppData\Local\Temp\tmp9uvrhywa\model\data\model\assets]
[2023-10-22 11:43:20,118: INFO: main: >>>>>> stage Data Ingestion stage started <<<<<<]
[2023-10-22 11:43:20,118: INFO: common: yaml file: config\config.yaml loaded successfully]
[2023-10-22 11:43:20,126: INFO: common: yaml file: params.yaml loaded successfully]
[2023-10-22 11:43:20,126: INFO: common: created directory at: artifacts]
[2023-10-22 11:43:20,126: INFO: common: created directory at: artifacts/data_ingestion]
[2023-10-22 11:43:20,126: INFO: data_ingestion: Downloading data from https://drive.google.com/file/d/1HlH7EzzdKs3xAo7-dwieKXo1_hZscMnp/view?usp=sharing into file artifacts/data_ingestion/data.zip]
[2023-10-22 11:43:28,597: INFO: data_ingestion: Downloaded data from https://drive.google.com/file/d/1HlH7EzzdKs3xAo7-dwieKXo1_hZscMnp/view?usp=sharing into file artifacts/data_ingestion/data.zip]
[2023-10-22 11:43:29,686: INFO: main: >>>>>> stage Data Ingestion stage completed <<<<<<

x==========x]
[2023-10-22 11:43:29,686: INFO: main: *******************]
[2023-10-22 11:43:29,686: INFO: main: >>>>>> stage Prepare base model started <<<<<<]
[2023-10-22 11:43:29,691: INFO: common: yaml file: config\config.yaml loaded successfully]
[2023-10-22 11:43:29,691: INFO: common: yaml file: params.yaml loaded successfully]
[2023-10-22 11:43:29,691: INFO: common: created directory at: artifacts]
[2023-10-22 11:43:29,696: INFO: common: created directory at: artifacts/prepare_base_model]
[2023-10-22 11:43:30,406: WARNING: saving_utils: Compiled the loaded model, but the compiled metrics have yet to be built. `model.compile_metrics` will be empty until you train or evaluate the model.]
[2023-10-22 11:43:30,729: INFO: main: >>>>>> stage Prepare base model completed <<<<<<

x==========x]
[2023-10-22 11:43:30,729: INFO: main: *******************]
[2023-10-22 11:43:30,729: INFO: main: >>>>>> stage Training started <<<<<<]
[2023-10-22 11:43:30,729: INFO: common: yaml file: config\config.yaml loaded successfully]
[2023-10-22 11:43:30,735: INFO: common: yaml file: params.yaml loaded successfully]
[2023-10-22 11:43:30,737: INFO: common: created directory at: artifacts]
[2023-10-22 11:43:30,738: INFO: common: created directory at: artifacts\training]
[2023-10-22 11:44:05,467: INFO: main: >>>>>> stage Training completed <<<<<<

x==========x]
[2023-10-22 11:44:05,473: INFO: main: *******************]
[2023-10-22 11:44:05,473: INFO: main: >>>>>> stage Evaluation stage started <<<<<<]
[2023-10-22 11:44:05,473: INFO: common: yaml file: config\config.yaml loaded successfully]
[2023-10-22 11:44:05,476: INFO: common: yaml file: params.yaml loaded successfully]
[2023-10-22 11:44:05,476: INFO: common: created directory at: artifacts]
[2023-10-22 11:44:16,188: INFO: common: json file saved at: scores.json]
[2023-10-22 11:44:16,188: INFO: common: json file saved at: scores.json]
[2023-10-22 11:44:16,188: INFO: main: >>>>>> stage Evaluation stage completed <<<<<<

x==========x]
[2023-10-22 11:50:44,967: INFO: main: >>>>>> stage Data Ingestion stage started <<<<<<]
[2023-10-22 11:50:44,975: INFO: common: yaml file: config\config.yaml loaded successfully]
[2023-10-22 11:50:44,975: INFO: common: yaml file: params.yaml loaded successfully]
[2023-10-22 11:50:44,975: INFO: common: created directory at: artifacts]
[2023-10-22 11:50:44,983: INFO: common: created directory at: artifacts/data_ingestion]
[2023-10-22 11:50:44,983: INFO: data_ingestion: Downloading data from https://drive.google.com/file/d/1HlH7EzzdKs3xAo7-dwieKXo1_hZscMnp/view?usp=sharing into file artifacts/data_ingestion/data.zip]
[2023-10-22 11:50:54,800: INFO: data_ingestion: Downloaded data from https://drive.google.com/file/d/1HlH7EzzdKs3xAo7-dwieKXo1_hZscMnp/view?usp=sharing into file artifacts/data_ingestion/data.zip]
[2023-10-22 11:50:55,719: INFO: main: >>>>>> stage Data Ingestion stage completed <<<<<<

x==========x]
[2023-10-22 11:50:55,719: INFO: main: *******************]
[2023-10-22 11:50:55,719: INFO: main: >>>>>> stage Prepare base model started <<<<<<]
[2023-10-22 11:50:55,719: INFO: common: yaml file: config\config.yaml loaded successfully]
[2023-10-22 11:50:55,727: INFO: common: yaml file: params.yaml loaded successfully]
[2023-10-22 11:50:55,727: INFO: common: created directory at: artifacts]
[2023-10-22 11:50:55,727: INFO: common: created directory at: artifacts/prepare_base_model]
[2023-10-22 11:50:56,346: WARNING: saving_utils: Compiled the loaded model, but the compiled metrics have yet to be built. `model.compile_metrics` will be empty until you train or evaluate the model.]
[2023-10-22 11:50:56,676: INFO: main: >>>>>> stage Prepare base model completed <<<<<<

x==========x]
[2023-10-22 11:50:56,685: INFO: main: *******************]
[2023-10-22 11:50:56,685: INFO: main: >>>>>> stage Training started <<<<<<]
[2023-10-22 11:50:56,685: INFO: common: yaml file: config\config.yaml loaded successfully]
[2023-10-22 11:50:56,685: INFO: common: yaml file: params.yaml loaded successfully]
[2023-10-22 11:50:56,685: INFO: common: created directory at: artifacts]
[2023-10-22 11:50:56,685: INFO: common: created directory at: artifacts\training]
[2023-10-22 11:51:28,793: INFO: main: >>>>>> stage Training completed <<<<<<

x==========x]
[2023-10-22 11:51:28,793: INFO: main: *******************]
[2023-10-22 11:51:28,793: INFO: main: >>>>>> stage Evaluation stage started <<<<<<]
[2023-10-22 11:51:28,793: INFO: common: yaml file: config\config.yaml loaded successfully]
[2023-10-22 11:51:28,793: INFO: common: yaml file: params.yaml loaded successfully]
[2023-10-22 11:51:28,793: INFO: common: created directory at: artifacts]
[2023-10-22 11:51:39,108: INFO: common: json file saved at: scores.json]
[2023-10-22 11:51:39,108: INFO: common: json file saved at: scores.json]
[2023-10-22 11:51:39,108: INFO: main: >>>>>> stage Evaluation stage completed <<<<<<

x==========x]
[2023-10-22 11:59:17,003: INFO: common: yaml file: config\config.yaml loaded successfully]
[2023-10-22 11:59:17,012: INFO: common: yaml file: params.yaml loaded successfully]
[2023-10-22 11:59:17,012: INFO: common: created directory at: artifacts]
[2023-10-22 11:59:27,774: INFO: common: json file saved at: scores.json]
[2023-10-22 11:59:33,995: WARNING: save: Found untraced functions such as _jit_compiled_convolution_op, _jit_compiled_convolution_op, _jit_compiled_convolution_op, _jit_compiled_convolution_op, _jit_compiled_convolution_op while saving (showing 5 of 14). These functions will not be directly callable after loading.]
[2023-10-22 11:59:34,821: INFO: builder_impl: Assets written to: C:\Users\Hitzus\AppData\Local\Temp\tmpecxmpkgw\model\data\model\assets]
[2023-10-22 12:01:44,397: INFO: common: yaml file: config\config.yaml loaded successfully]
[2023-10-22 12:01:44,397: INFO: common: yaml file: params.yaml loaded successfully]
[2023-10-22 12:01:44,404: INFO: common: created directory at: artifacts]
[2023-10-22 12:01:56,215: INFO: common: json file saved at: scores.json]
[2023-10-22 12:02:05,086: WARNING: save: Found untraced functions such as _jit_compiled_convolution_op, _jit_compiled_convolution_op, _jit_compiled_convolution_op, _jit_compiled_convolution_op, _jit_compiled_convolution_op while saving (showing 5 of 14). These functions will not be directly callable after loading.]
[2023-10-22 12:02:06,013: INFO: builder_impl: Assets written to: C:\Users\Hitzus\AppData\Local\Temp\tmp45la0e3b\model\data\model\assets]
[2023-10-22 12:04:02,475: INFO: common: yaml file: config\config.yaml loaded successfully]
[2023-10-22 12:04:02,486: INFO: common: yaml file: params.yaml loaded successfully]
[2023-10-22 12:04:02,486: INFO: common: created directory at: artifacts]
[2023-10-22 12:04:13,915: INFO: common: json file saved at: scores.json]
[2023-10-22 12:04:22,065: WARNING: save: Found untraced functions such as _jit_compiled_convolution_op, _jit_compiled_convolution_op, _jit_compiled_convolution_op, _jit_compiled_convolution_op, _jit_compiled_convolution_op while saving (showing 5 of 14). These functions will not be directly callable after loading.]
[2023-10-22 12:04:22,932: INFO: builder_impl: Assets written to: C:\Users\Hitzus\AppData\Local\Temp\tmp28bc069j\model\data\model\assets]
[2023-10-22 12:23:05,571: INFO: main: >>>>>> stage Data Ingestion stage started <<<<<<]
[2023-10-22 12:23:05,571: INFO: common: yaml file: config\config.yaml loaded successfully]
[2023-10-22 12:23:05,577: INFO: common: yaml file: params.yaml loaded successfully]
[2023-10-22 12:23:05,579: INFO: common: created directory at: artifacts]
[2023-10-22 12:23:05,579: INFO: common: created directory at: artifacts/data_ingestion]
[2023-10-22 12:23:05,579: INFO: data_ingestion: Downloading data from https://drive.google.com/file/d/1HlH7EzzdKs3xAo7-dwieKXo1_hZscMnp/view?usp=sharing into file artifacts/data_ingestion/data.zip]
[2023-10-22 12:23:14,280: INFO: data_ingestion: Downloaded data from https://drive.google.com/file/d/1HlH7EzzdKs3xAo7-dwieKXo1_hZscMnp/view?usp=sharing into file artifacts/data_ingestion/data.zip]
[2023-10-22 12:23:15,177: INFO: main: >>>>>> stage Data Ingestion stage completed <<<<<<

x==========x]
[2023-10-22 12:23:15,177: INFO: main: *******************]
[2023-10-22 12:23:15,177: INFO: main: >>>>>> stage Prepare base model started <<<<<<]
[2023-10-22 12:23:15,177: INFO: common: yaml file: config\config.yaml loaded successfully]
[2023-10-22 12:23:15,177: INFO: common: yaml file: params.yaml loaded successfully]
[2023-10-22 12:23:15,185: INFO: common: created directory at: artifacts]
[2023-10-22 12:23:15,185: INFO: common: created directory at: artifacts/prepare_base_model]
[2023-10-22 12:23:15,778: WARNING: saving_utils: Compiled the loaded model, but the compiled metrics have yet to be built. `model.compile_metrics` will be empty until you train or evaluate the model.]
[2023-10-22 12:23:16,138: INFO: main: >>>>>> stage Prepare base model completed <<<<<<

x==========x]
[2023-10-22 12:23:16,138: INFO: main: *******************]
[2023-10-22 12:23:16,138: INFO: main: >>>>>> stage Training started <<<<<<]
[2023-10-22 12:23:16,146: INFO: common: yaml file: config\config.yaml loaded successfully]
[2023-10-22 12:23:16,147: INFO: common: yaml file: params.yaml loaded successfully]
[2023-10-22 12:23:16,147: INFO: common: created directory at: artifacts]
[2023-10-22 12:23:16,147: INFO: common: created directory at: artifacts\training]
[2023-10-22 12:24:26,392: INFO: main: >>>>>> stage Training completed <<<<<<

x==========x]
[2023-10-22 12:24:26,392: INFO: main: *******************]
[2023-10-22 12:24:26,392: INFO: main: >>>>>> stage Evaluation stage started <<<<<<]
[2023-10-22 12:24:26,392: INFO: common: yaml file: config\config.yaml loaded successfully]
[2023-10-22 12:24:26,392: INFO: common: yaml file: params.yaml loaded successfully]
[2023-10-22 12:24:26,399: INFO: common: created directory at: artifacts]
[2023-10-22 12:24:38,383: INFO: common: json file saved at: scores.json]
[2023-10-22 12:24:38,383: INFO: common: json file saved at: scores.json]
[2023-10-22 12:24:38,383: INFO: main: >>>>>> stage Evaluation stage completed <<<<<<

x==========x]
[2023-10-22 12:33:16,278: INFO: stage_01_data_ingestion: >>>>>> stage Data Ingestion stage started <<<<<<]
[2023-10-22 12:33:16,284: INFO: common: yaml file: config\config.yaml loaded successfully]
[2023-10-22 12:33:16,284: INFO: common: yaml file: params.yaml loaded successfully]
[2023-10-22 12:33:16,284: INFO: common: created directory at: artifacts]
[2023-10-22 12:33:16,289: INFO: common: created directory at: artifacts/data_ingestion]
[2023-10-22 12:33:16,289: INFO: data_ingestion: Downloading data from https://drive.google.com/file/d/1HlH7EzzdKs3xAo7-dwieKXo1_hZscMnp/view?usp=sharing into file artifacts/data_ingestion/data.zip]
[2023-10-22 12:33:25,049: INFO: data_ingestion: Downloaded data from https://drive.google.com/file/d/1HlH7EzzdKs3xAo7-dwieKXo1_hZscMnp/view?usp=sharing into file artifacts/data_ingestion/data.zip]
[2023-10-22 12:33:26,049: INFO: stage_01_data_ingestion: >>>>>> stage Data Ingestion stage completed <<<<<<

x==========x]
[2023-10-22 12:33:37,999: INFO: stage_02_prepare_base_model: *******************]
[2023-10-22 12:33:37,999: INFO: stage_02_prepare_base_model: >>>>>> stage Prepare base model started <<<<<<]
[2023-10-22 12:33:37,999: INFO: common: yaml file: config\config.yaml loaded successfully]
[2023-10-22 12:33:38,003: INFO: common: yaml file: params.yaml loaded successfully]
[2023-10-22 12:33:38,003: INFO: common: created directory at: artifacts]
[2023-10-22 12:33:38,003: INFO: common: created directory at: artifacts/prepare_base_model]
[2023-10-22 12:33:38,520: WARNING: saving_utils: Compiled the loaded model, but the compiled metrics have yet to be built. `model.compile_metrics` will be empty until you train or evaluate the model.]
[2023-10-22 12:33:38,863: INFO: stage_02_prepare_base_model: >>>>>> stage Prepare base model completed <<<<<<

x==========x]
[2023-10-22 12:33:44,286: INFO: stage_03_model_training: *******************]
[2023-10-22 12:33:44,286: INFO: stage_03_model_training: >>>>>> stage Training started <<<<<<]
[2023-10-22 12:33:44,289: INFO: common: yaml file: config\config.yaml loaded successfully]
[2023-10-22 12:33:44,291: INFO: common: yaml file: params.yaml loaded successfully]
[2023-10-22 12:33:44,292: INFO: common: created directory at: artifacts]
[2023-10-22 12:33:44,293: INFO: common: created directory at: artifacts\training]
[2023-10-22 12:34:53,609: INFO: stage_03_model_training: >>>>>> stage Training completed <<<<<<

x==========x]
[2023-10-22 12:34:59,182: INFO: stage_04_model_evaluation: *******************]
[2023-10-22 12:34:59,182: INFO: stage_04_model_evaluation: >>>>>> stage Evaluation stage started <<<<<<]
[2023-10-22 12:34:59,188: INFO: common: yaml file: config\config.yaml loaded successfully]
[2023-10-22 12:34:59,191: INFO: common: yaml file: params.yaml loaded successfully]
[2023-10-22 12:34:59,191: INFO: common: created directory at: artifacts]
[2023-10-22 12:35:10,798: INFO: common: json file saved at: scores.json]
[2023-10-22 12:35:10,803: INFO: common: json file saved at: scores.json]
[2023-10-22 12:35:10,803: INFO: stage_04_model_evaluation: >>>>>> stage Evaluation stage completed <<<<<<

x==========x]
